
========================================
New fileflow run started: 2026-04-17 16:41:18

========================================
2026-04-17 16:41:18 - VALID: 2024-01-01_image.jpg moved to processed\images\2024-01-01_image.jpg
2026-04-17 16:41:18 - VALID: 2024-02-28_presentation.pptx moved to processed\reports\2024-02-28_presentation.pptx
2026-04-17 16:41:18 - VALID: 2024-03-12_financial_report.xlsx moved to processed\reports\2024-03-12_financial_report.xlsx
2026-04-17 16:41:18 - VALID: 2024-04-16_weekly_summary.txt moved to processed\reports\2024-04-16_weekly_summary.txt
2026-04-17 16:41:18 - VALID: 2024-05-09_project_data.csv moved to processed\reports\2024-05-09_project_data.csv
2026-04-17 16:41:18 - VALID: 2024-06-15_inventory.json moved to processed\reports\2024-06-15_inventory.json
2026-04-17 16:41:18 - VALID: 2024-07-20_team_photo.png moved to processed\images\2024-07-20_team_photo.png
2026-04-17 16:41:18 - VALID: 2024-08-05_device_log.txt moved to processed\reports\2024-08-05_device_log.txt
2026-04-17 16:41:18 - VALID: 2024-09-30_sales_analysis.docx moved to processed\reports\2024-09-30_sales_analysis.docx
2026-04-17 16:41:18 - INVALID: 2024-12-31 moved to quarantine\2024-12-31
2026-04-17 16:41:18 - INVALID: 2024-12-31-report.pdf moved to quarantine\2024-12-31-report.pdf
2026-04-17 16:41:18 - INVALID: 2024-12-31_report moved to quarantine\2024-12-31_report
2026-04-17 16:41:18 - INVALID: 2024-12-31_report.exe moved to quarantine\2024-12-31_report.exe
2026-04-17 16:41:18 - INVALID: 2024-12-31_report.PDF moved to quarantine\2024-12-31_report.PDF
2026-04-17 16:41:18 - INVALID: 2024-12-31_report.pdfx moved to quarantine\2024-12-31_report.pdfx
2026-04-17 16:41:18 - INVALID: 2024_12_31_report.pdf moved to quarantine\2024_12_31_report.pdf
2026-04-17 16:41:18 - VALID: 2025-12-31_report.pdf moved to processed\reports\2025-12-31_report.pdf
2026-04-17 16:41:18 - INVALID: 24-12-31_report.pdf moved to quarantine\24-12-31_report.pdf
2026-04-17 16:41:18 - INVALID: expected_output.txt moved to quarantine\expected_output.txt
2026-04-17 16:41:18 - INVALID: report.pdf moved to quarantine\report.pdf

========================================
Fileflow run completed: 2026-04-17 16:41:18

========================================
